<?xml version="1.0" encoding="utf-8" standalone="no"?>
<test-run start-time="2018-11-07 13:26:47Z">
  <command-line><![CDATA[nunit3-console.exe  E:\Automation\Autoscoring_Automation\Automated.Tests\bin\Debug\Automated.Tests.dll --where "cat == SmokeTestsProduction" --labels=All --out=TestResult.txt --work=E:\Automation\Autoscoring_Automation\Test.Automation.Output\Reports\2018-11-07-03-26PM]]></command-line>
</test-run>