<?xml version="1.0" encoding="utf-8" standalone="no"?>
<test-run start-time="2018-10-30 12:15:18Z">
  <command-line><![CDATA[nunit3-console.exe  E:\Automation\Autoscoring_Automation\Automated.Tests\bin\Debug\Automated.Tests.dll --where "cat == SmokeTests" --labels=All --out=TestResult.txt --work=E:\Automation\Autoscoring_Automation\Test.Automation.Output\Reports\2018-10-30-02-15PM]]></command-line>
</test-run>