<?xml version="1.0" encoding="utf-8" standalone="no"?>
<test-run start-time="2018-10-15 12:23:11Z">
  <command-line><![CDATA[nunit3-console.exe  E:\Automation\Autoscoring_Automation\Automated.Tests\bin\Debug\Automated.Tests.dll --where "cat == SmokeTests" --labels=All --out=TestResult.txt --work=E:\Automation\Autoscoring_Automation\Test.Automation.Output\Reports\2018-10-15-02-23PM]]></command-line>
</test-run>