<?xml version="1.0" encoding="utf-8" standalone="no"?>
<test-run id="2" testcasecount="109" result="Passed" total="19" passed="19" failed="0" inconclusive="0" skipped="0" asserts="19" engine-version="3.9.0.0" clr-version="4.0.30319.42000" start-time="2018-11-07 11:00:10Z" end-time="2018-11-07 11:26:24Z" duration="1573.794412">
  <command-line><![CDATA[nunit3-console.exe  E:\Automation\Autoscoring_Automation\Automated.Tests\bin\Debug\Automated.Tests.dll --where "cat == SmokeTestsProduction" --labels=All --out=TestResult.txt --work=E:\Automation\Autoscoring_Automation\Test.Automation.Output\Reports\2018-11-07-01-00PM]]></command-line>
  <filter>
    <cat>SmokeTestsProduction</cat>
  </filter>
  <test-suite type="Assembly" id="0-1119" name="Automated.Tests.dll" fullname="Automated.Tests.dll" runstate="Runnable" testcasecount="109" result="Passed" start-time="2018-11-07 11:00:11Z" end-time="2018-11-07 11:26:24Z" duration="1573.249672" total="19" passed="19" failed="0" warnings="0" inconclusive="0" skipped="0" asserts="19">
    <environment framework-version="3.11.0.0" clr-version="4.0.30319.42000" os-version="Microsoft Windows NT 10.0.17134.0" platform="Win32NT" cwd="E:\Automation\Autoscoring_Automation\packages\NUnit.ConsoleRunner.3.9.0\tools" machine-name="DSATY-10-10170" user="doaa.saty" user-domain="ITWORX" culture="en-US" uiculture="en-US" os-architecture="x64" />
    <settings>
      <setting name="DisposeRunners" value="True" />
      <setting name="WorkDirectory" value="E:\Automation\Autoscoring_Automation\Test.Automation.Output\Reports\2018-11-07-01-00PM" />
      <setting name="ImageRuntimeVersion" value="4.0.30319" />
      <setting name="ImageTargetFrameworkName" value=".NETFramework,Version=v4.5.2" />
      <setting name="ImageRequiresX86" value="False" />
      <setting name="ImageRequiresDefaultAppDomainAssemblyResolver" value="False" />
      <setting name="NumberOfTestWorkers" value="4" />
    </settings>
    <properties>
      <property name="_PID" value="176" />
      <property name="_APPDOMAIN" value="domain-" />
    </properties>
    <test-suite type="TestSuite" id="0-1120" name="Automated" fullname="Automated" runstate="Runnable" testcasecount="109" result="Passed" start-time="2018-11-07 11:00:11Z" end-time="2018-11-07 11:26:24Z" duration="1573.231796" total="19" passed="19" failed="0" warnings="0" inconclusive="0" skipped="0" asserts="19">
      <properties />
      <test-suite type="TestSuite" id="0-1121" name="Tests" fullname="Automated.Tests" runstate="Runnable" testcasecount="109" result="Passed" start-time="2018-11-07 11:00:11Z" end-time="2018-11-07 11:26:24Z" duration="1573.231334" total="19" passed="19" failed="0" warnings="0" inconclusive="0" skipped="0" asserts="19">
        <properties />
        <test-suite type="TestSuite" id="0-1122" name="Scripts" fullname="Automated.Tests.Scripts" runstate="Runnable" testcasecount="109" result="Passed" start-time="2018-11-07 11:00:11Z" end-time="2018-11-07 11:26:24Z" duration="1573.231308" total="19" passed="19" failed="0" warnings="0" inconclusive="0" skipped="0" asserts="19">
          <properties />
          <test-suite type="TestSuite" id="0-1126" name="SmokeTests" fullname="Automated.Tests.Scripts.SmokeTests" runstate="Runnable" testcasecount="79" result="Passed" start-time="2018-11-07 11:00:11Z" end-time="2018-11-07 11:26:24Z" duration="1573.231218" total="19" passed="19" failed="0" warnings="0" inconclusive="0" skipped="0" asserts="19">
            <properties />
            <test-suite type="TestFixture" id="0-1078" name="SmokeTestsProduction" fullname="Automated.Tests.Scripts.SmokeTests.SmokeTestsProduction" classname="Automated.Tests.Scripts.SmokeTests.SmokeTestsProduction" runstate="Runnable" testcasecount="19" result="Passed" start-time="2018-11-07 11:00:11Z" end-time="2018-11-07 11:26:24Z" duration="1573.225667" total="19" passed="19" failed="0" warnings="0" inconclusive="0" skipped="0" asserts="19">
              <properties />
              <test-case id="0-1079" name="LoginToApplication" fullname="Automated.Tests.Scripts.SmokeTests.SmokeTestsProduction.LoginToApplication" methodname="LoginToApplication" classname="Automated.Tests.Scripts.SmokeTests.SmokeTestsProduction" runstate="Runnable" seed="975975528" result="Passed" start-time="2018-11-07 11:00:11Z" end-time="2018-11-07 11:00:31Z" duration="19.914201" asserts="1">
                <properties>
                  <property name="Order" value="1" />
                  <property name="Category" value="SmokeTestsProduction" />
                  <property name="Retry" value="3" />
                </properties>
              </test-case>
              <test-case id="0-1080" name="SearchByExperimentName" fullname="Automated.Tests.Scripts.SmokeTests.SmokeTestsProduction.SearchByExperimentName" methodname="SearchByExperimentName" classname="Automated.Tests.Scripts.SmokeTests.SmokeTestsProduction" runstate="Runnable" seed="1358820315" result="Passed" start-time="2018-11-07 11:00:31Z" end-time="2018-11-07 11:00:58Z" duration="26.752208" asserts="1">
                <properties>
                  <property name="Order" value="2" />
                  <property name="Category" value="SmokeTestsProduction" />
                  <property name="Retry" value="3" />
                </properties>
              </test-case>
              <test-case id="0-1081" name="ValidatePagingComponents" fullname="Automated.Tests.Scripts.SmokeTests.SmokeTestsProduction.ValidatePagingComponents" methodname="ValidatePagingComponents" classname="Automated.Tests.Scripts.SmokeTests.SmokeTestsProduction" runstate="Runnable" seed="806411400" result="Passed" start-time="2018-11-07 11:00:58Z" end-time="2018-11-07 11:01:35Z" duration="37.729903" asserts="1">
                <properties>
                  <property name="Order" value="3" />
                  <property name="Category" value="SmokeTestsProduction" />
                  <property name="Retry" value="3" />
                </properties>
              </test-case>
              <test-case id="0-1082" name="ValidateSearchByMarkerName" fullname="Automated.Tests.Scripts.SmokeTests.SmokeTestsProduction.ValidateSearchByMarkerName" methodname="ValidateSearchByMarkerName" classname="Automated.Tests.Scripts.SmokeTests.SmokeTestsProduction" runstate="Runnable" seed="1130998683" result="Passed" start-time="2018-11-07 11:01:35Z" end-time="2018-11-07 11:02:24Z" duration="48.676918" asserts="1">
                <properties>
                  <property name="Order" value="4" />
                  <property name="Category" value="SmokeTestsProduction" />
                  <property name="Retry" value="3" />
                </properties>
              </test-case>
              <test-case id="0-1083" name="SearchByMarkerNameWithExpandingRows" fullname="Automated.Tests.Scripts.SmokeTests.SmokeTestsProduction.SearchByMarkerNameWithExpandingRows" methodname="SearchByMarkerNameWithExpandingRows" classname="Automated.Tests.Scripts.SmokeTests.SmokeTestsProduction" runstate="Runnable" seed="2098822992" result="Passed" start-time="2018-11-07 11:02:24Z" end-time="2018-11-07 11:03:31Z" duration="67.089677" asserts="1">
                <properties>
                  <property name="Order" value="5" />
                  <property name="Category" value="SmokeTestsProduction" />
                  <property name="Retry" value="3" />
                </properties>
              </test-case>
              <test-case id="0-1084" name="ValidateReadingScorePreviewWindowIsDisplayed" fullname="Automated.Tests.Scripts.SmokeTests.SmokeTestsProduction.ValidateReadingScorePreviewWindowIsDisplayed" methodname="ValidateReadingScorePreviewWindowIsDisplayed" classname="Automated.Tests.Scripts.SmokeTests.SmokeTestsProduction" runstate="Runnable" seed="989506951" result="Passed" start-time="2018-11-07 11:03:31Z" end-time="2018-11-07 11:04:20Z" duration="48.654870" asserts="1">
                <properties>
                  <property name="Order" value="6" />
                  <property name="Category" value="SmokeTestsProduction" />
                  <property name="Retry" value="3" />
                </properties>
              </test-case>
              <test-case id="0-1085" name="ValidateNavigationInReadingScoreWindow" fullname="Automated.Tests.Scripts.SmokeTests.SmokeTestsProduction.ValidateNavigationInReadingScoreWindow" methodname="ValidateNavigationInReadingScoreWindow" classname="Automated.Tests.Scripts.SmokeTests.SmokeTestsProduction" runstate="Runnable" seed="1910533152" result="Passed" start-time="2018-11-07 11:04:20Z" end-time="2018-11-07 11:05:14Z" duration="53.823718" asserts="1">
                <properties>
                  <property name="Order" value="7" />
                  <property name="Category" value="SmokeTestsProduction" />
                  <property name="Retry" value="3" />
                </properties>
              </test-case>
              <test-case id="0-1086" name="ValidateTheDownloadReadingBtnIsWorking" fullname="Automated.Tests.Scripts.SmokeTests.SmokeTestsProduction.ValidateTheDownloadReadingBtnIsWorking" methodname="ValidateTheDownloadReadingBtnIsWorking" classname="Automated.Tests.Scripts.SmokeTests.SmokeTestsProduction" runstate="Runnable" seed="709582136" result="Passed" start-time="2018-11-07 11:05:14Z" end-time="2018-11-07 11:08:23Z" duration="189.913281" asserts="1">
                <properties>
                  <property name="Order" value="8" />
                  <property name="Category" value="SmokeTestsProduction" />
                  <property name="Retry" value="3" />
                </properties>
                <output><![CDATA[   at OpenQA.Selenium.Remote.RemoteWebDriver.UnpackAndThrowOnError(Response errorResponse)
   at OpenQA.Selenium.Remote.RemoteWebDriver.Execute(String driverCommandToExecute, Dictionary`2 parameters)
   at OpenQA.Selenium.Remote.RemoteTargetLocator.Alert()
   at Automated.Application.Pages.CheckResults.CheckResultsPage.IsAlertShown(IWebDriver driver) in E:\Automation\Autoscoring_Automation\Automated.Application\Pages\CheckResults\CheckResultsPage.cs:line 87
]]></output>
              </test-case>
              <test-case id="0-1087" name="ValidateTheTaskDetailsWindowIsShowingUp" fullname="Automated.Tests.Scripts.SmokeTests.SmokeTestsProduction.ValidateTheTaskDetailsWindowIsShowingUp" methodname="ValidateTheTaskDetailsWindowIsShowingUp" classname="Automated.Tests.Scripts.SmokeTests.SmokeTestsProduction" runstate="Runnable" seed="1062375980" result="Passed" start-time="2018-11-07 11:08:23Z" end-time="2018-11-07 11:11:13Z" duration="169.442239" asserts="1">
                <properties>
                  <property name="Order" value="9" />
                  <property name="Category" value="SmokeTestsProduction" />
                  <property name="Retry" value="3" />
                </properties>
                <output><![CDATA[   at OpenQA.Selenium.Remote.RemoteWebDriver.UnpackAndThrowOnError(Response errorResponse)
   at OpenQA.Selenium.Remote.RemoteWebDriver.Execute(String driverCommandToExecute, Dictionary`2 parameters)
   at OpenQA.Selenium.Remote.RemoteTargetLocator.Alert()
   at Automated.Application.Pages.CheckResults.CheckResultsPage.IsAlertShown(IWebDriver driver) in E:\Automation\Autoscoring_Automation\Automated.Application\Pages\CheckResults\CheckResultsPage.cs:line 87
]]></output>
              </test-case>
              <test-case id="0-1088" name="ValidateTheTableViewTabIsLoading" fullname="Automated.Tests.Scripts.SmokeTests.SmokeTestsProduction.ValidateTheTableViewTabIsLoading" methodname="ValidateTheTableViewTabIsLoading" classname="Automated.Tests.Scripts.SmokeTests.SmokeTestsProduction" runstate="Runnable" seed="2073860389" result="Passed" start-time="2018-11-07 11:11:13Z" end-time="2018-11-07 11:16:37Z" duration="324.115358" asserts="1">
                <properties>
                  <property name="Order" value="10" />
                  <property name="Category" value="SmokeTestsProduction" />
                  <property name="Retry" value="3" />
                </properties>
                <output><![CDATA[   at OpenQA.Selenium.Remote.RemoteWebDriver.UnpackAndThrowOnError(Response errorResponse)
   at OpenQA.Selenium.Remote.RemoteWebDriver.Execute(String driverCommandToExecute, Dictionary`2 parameters)
   at OpenQA.Selenium.Remote.RemoteTargetLocator.Alert()
   at Automated.Application.Pages.CheckResults.CheckResultsPage.IsAlertShown(IWebDriver driver) in E:\Automation\Autoscoring_Automation\Automated.Application\Pages\CheckResults\CheckResultsPage.cs:line 87
]]></output>
              </test-case>
              <test-case id="0-1089" name="ValidateThePlateViewTabIsLoading" fullname="Automated.Tests.Scripts.SmokeTests.SmokeTestsProduction.ValidateThePlateViewTabIsLoading" methodname="ValidateThePlateViewTabIsLoading" classname="Automated.Tests.Scripts.SmokeTests.SmokeTestsProduction" runstate="Runnable" seed="1457694054" result="Passed" start-time="2018-11-07 11:16:37Z" end-time="2018-11-07 11:19:55Z" duration="197.987635" asserts="1">
                <properties>
                  <property name="Order" value="11" />
                  <property name="Category" value="SmokeTestsProduction" />
                  <property name="Retry" value="3" />
                </properties>
                <output><![CDATA[   at OpenQA.Selenium.Remote.RemoteWebDriver.UnpackAndThrowOnError(Response errorResponse)
   at OpenQA.Selenium.Remote.RemoteWebDriver.Execute(String driverCommandToExecute, Dictionary`2 parameters)
   at OpenQA.Selenium.Remote.RemoteTargetLocator.Alert()
   at Automated.Application.Pages.CheckResults.CheckResultsPage.IsAlertShown(IWebDriver driver) in E:\Automation\Autoscoring_Automation\Automated.Application\Pages\CheckResults\CheckResultsPage.cs:line 87
]]></output>
              </test-case>
              <test-case id="0-1090" name="ValidateThePlotViewTabIsLoading" fullname="Automated.Tests.Scripts.SmokeTests.SmokeTestsProduction.ValidateThePlotViewTabIsLoading" methodname="ValidateThePlotViewTabIsLoading" classname="Automated.Tests.Scripts.SmokeTests.SmokeTestsProduction" runstate="Runnable" seed="374530794" result="Passed" start-time="2018-11-07 11:19:55Z" end-time="2018-11-07 11:22:32Z" duration="157.417868" asserts="1">
                <properties>
                  <property name="Order" value="12" />
                  <property name="Category" value="SmokeTestsProduction" />
                  <property name="Retry" value="3" />
                </properties>
                <output><![CDATA[   at OpenQA.Selenium.Remote.RemoteWebDriver.UnpackAndThrowOnError(Response errorResponse)
   at OpenQA.Selenium.Remote.RemoteWebDriver.Execute(String driverCommandToExecute, Dictionary`2 parameters)
   at OpenQA.Selenium.Remote.RemoteTargetLocator.Alert()
   at Automated.Application.Pages.CheckResults.CheckResultsPage.IsAlertShown(IWebDriver driver) in E:\Automation\Autoscoring_Automation\Automated.Application\Pages\CheckResults\CheckResultsPage.cs:line 87
]]></output>
              </test-case>
              <test-case id="0-1091" name="ChangeScreenModeToEnquiry" fullname="Automated.Tests.Scripts.SmokeTests.SmokeTestsProduction.ChangeScreenModeToEnquiry" methodname="ChangeScreenModeToEnquiry" classname="Automated.Tests.Scripts.SmokeTests.SmokeTestsProduction" runstate="Runnable" seed="980830021" result="Passed" start-time="2018-11-07 11:22:32Z" end-time="2018-11-07 11:23:32Z" duration="59.309850" asserts="1">
                <properties>
                  <property name="Order" value="13" />
                  <property name="Category" value="SmokeTestsProduction" />
                  <property name="Retry" value="3" />
                </properties>
                <output><![CDATA[   at OpenQA.Selenium.Remote.RemoteWebDriver.UnpackAndThrowOnError(Response errorResponse)
   at OpenQA.Selenium.Remote.RemoteWebDriver.Execute(String driverCommandToExecute, Dictionary`2 parameters)
   at OpenQA.Selenium.Remote.RemoteTargetLocator.Alert()
   at Automated.Application.Pages.CheckResults.CheckResultsPage.IsAlertShown(IWebDriver driver) in E:\Automation\Autoscoring_Automation\Automated.Application\Pages\CheckResults\CheckResultsPage.cs:line 87
]]></output>
              </test-case>
              <test-case id="0-1092" name="ChangeScreenModeToWork" fullname="Automated.Tests.Scripts.SmokeTests.SmokeTestsProduction.ChangeScreenModeToWork" methodname="ChangeScreenModeToWork" classname="Automated.Tests.Scripts.SmokeTests.SmokeTestsProduction" runstate="Runnable" seed="302209656" result="Passed" start-time="2018-11-07 11:23:32Z" end-time="2018-11-07 11:24:33Z" duration="61.473734" asserts="1">
                <properties>
                  <property name="Order" value="14" />
                  <property name="Category" value="SmokeTestsProduction" />
                  <property name="Retry" value="3" />
                </properties>
                <output><![CDATA[   at OpenQA.Selenium.Remote.RemoteWebDriver.UnpackAndThrowOnError(Response errorResponse)
   at OpenQA.Selenium.Remote.RemoteWebDriver.Execute(String driverCommandToExecute, Dictionary`2 parameters)
   at OpenQA.Selenium.Remote.RemoteTargetLocator.Alert()
   at Automated.Application.Pages.CheckResults.CheckResultsPage.IsAlertShown(IWebDriver driver) in E:\Automation\Autoscoring_Automation\Automated.Application\Pages\CheckResults\CheckResultsPage.cs:line 87
]]></output>
              </test-case>
              <test-case id="0-1093" name="ValidateTheFourTechnologiesArePopulatedInTheDDL" fullname="Automated.Tests.Scripts.SmokeTests.SmokeTestsProduction.ValidateTheFourTechnologiesArePopulatedInTheDDL" methodname="ValidateTheFourTechnologiesArePopulatedInTheDDL" classname="Automated.Tests.Scripts.SmokeTests.SmokeTestsProduction" runstate="Runnable" seed="110100158" result="Passed" start-time="2018-11-07 11:24:33Z" end-time="2018-11-07 11:24:52Z" duration="18.381413" asserts="1">
                <properties>
                  <property name="Order" value="15" />
                  <property name="Category" value="SmokeTestsProduction" />
                  <property name="Retry" value="3" />
                </properties>
              </test-case>
              <test-case id="0-1094" name="VerifythatNexarHasNoFileTypeDdl" fullname="Automated.Tests.Scripts.SmokeTests.SmokeTestsProduction.VerifythatNexarHasNoFileTypeDdl" methodname="VerifythatNexarHasNoFileTypeDdl" classname="Automated.Tests.Scripts.SmokeTests.SmokeTestsProduction" runstate="Runnable" seed="1146012134" result="Passed" start-time="2018-11-07 11:24:52Z" end-time="2018-11-07 11:25:16Z" duration="24.339655" asserts="1">
                <properties>
                  <property name="Order" value="16" />
                  <property name="Category" value="SmokeTestsProduction" />
                  <property name="Retry" value="3" />
                </properties>
              </test-case>
              <test-case id="0-1095" name="VerifyThatTaqmanHasCorrectFileTypes" fullname="Automated.Tests.Scripts.SmokeTests.SmokeTestsProduction.VerifyThatTaqmanHasCorrectFileTypes" methodname="VerifyThatTaqmanHasCorrectFileTypes" classname="Automated.Tests.Scripts.SmokeTests.SmokeTestsProduction" runstate="Runnable" seed="224014610" result="Passed" start-time="2018-11-07 11:25:16Z" end-time="2018-11-07 11:25:35Z" duration="19.094961" asserts="1">
                <properties>
                  <property name="Order" value="17" />
                  <property name="Category" value="SmokeTestsProduction" />
                  <property name="Retry" value="3" />
                </properties>
              </test-case>
              <test-case id="0-1096" name="ValidateTheDownloadTaskFileLinkIsWorking" fullname="Automated.Tests.Scripts.SmokeTests.SmokeTestsProduction.ValidateTheDownloadTaskFileLinkIsWorking" methodname="ValidateTheDownloadTaskFileLinkIsWorking" classname="Automated.Tests.Scripts.SmokeTests.SmokeTestsProduction" runstate="Runnable" seed="1622252321" result="Passed" start-time="2018-11-07 11:25:35Z" end-time="2018-11-07 11:25:59Z" duration="24.456317" asserts="1">
                <properties>
                  <property name="Order" value="18" />
                  <property name="Category" value="SmokeTestsProduction" />
                  <property name="Retry" value="3" />
                </properties>
              </test-case>
              <test-case id="0-1097" name="ValidateViewReportLinkIsWorking" fullname="Automated.Tests.Scripts.SmokeTests.SmokeTestsProduction.ValidateViewReportLinkIsWorking" methodname="ValidateViewReportLinkIsWorking" classname="Automated.Tests.Scripts.SmokeTests.SmokeTestsProduction" runstate="Runnable" seed="2118393382" result="Passed" start-time="2018-11-07 11:25:59Z" end-time="2018-11-07 11:26:24Z" duration="24.633238" asserts="1">
                <properties>
                  <property name="Order" value="19" />
                  <property name="Category" value="SmokeTestsProduction" />
                  <property name="Retry" value="3" />
                </properties>
              </test-case>
            </test-suite>
          </test-suite>
        </test-suite>
      </test-suite>
    </test-suite>
  </test-suite>
</test-run>