<?xml version="1.0" encoding="utf-8" standalone="no"?>
<test-run id="2" testcasecount="109" result="Passed" total="19" passed="19" failed="0" inconclusive="0" skipped="0" asserts="19" engine-version="3.9.0.0" clr-version="4.0.30319.42000" start-time="2018-11-06 19:48:12Z" end-time="2018-11-06 20:03:16Z" duration="904.669003">
  <command-line><![CDATA[nunit3-console.exe  E:\Automation\Autoscoring_Automation\Automated.Tests\bin\Debug\Automated.Tests.dll --where "cat == SmokeTestsProduction" --labels=All --out=TestResult.txt --work=E:\Automation\Autoscoring_Automation\Test.Automation.Output\Reports\2018-11-06-09-48PM]]></command-line>
  <filter>
    <cat>SmokeTestsProduction</cat>
  </filter>
  <test-suite type="Assembly" id="0-1119" name="Automated.Tests.dll" fullname="Automated.Tests.dll" runstate="Runnable" testcasecount="109" result="Passed" start-time="2018-11-06 19:48:12Z" end-time="2018-11-06 20:03:16Z" duration="904.083473" total="19" passed="19" failed="0" warnings="0" inconclusive="0" skipped="0" asserts="19">
    <environment framework-version="3.11.0.0" clr-version="4.0.30319.42000" os-version="Microsoft Windows NT 10.0.17134.0" platform="Win32NT" cwd="E:\Automation\Autoscoring_Automation\packages\NUnit.ConsoleRunner.3.9.0\tools" machine-name="DSATY-10-10170" user="doaa.saty" user-domain="ITWORX" culture="en-US" uiculture="en-US" os-architecture="x64" />
    <settings>
      <setting name="DisposeRunners" value="True" />
      <setting name="WorkDirectory" value="E:\Automation\Autoscoring_Automation\Test.Automation.Output\Reports\2018-11-06-09-48PM" />
      <setting name="ImageRuntimeVersion" value="4.0.30319" />
      <setting name="ImageTargetFrameworkName" value=".NETFramework,Version=v4.5.2" />
      <setting name="ImageRequiresX86" value="False" />
      <setting name="ImageRequiresDefaultAppDomainAssemblyResolver" value="False" />
      <setting name="NumberOfTestWorkers" value="4" />
    </settings>
    <properties>
      <property name="_PID" value="8188" />
      <property name="_APPDOMAIN" value="domain-" />
    </properties>
    <test-suite type="TestSuite" id="0-1120" name="Automated" fullname="Automated" runstate="Runnable" testcasecount="109" result="Passed" start-time="2018-11-06 19:48:12Z" end-time="2018-11-06 20:03:16Z" duration="904.049889" total="19" passed="19" failed="0" warnings="0" inconclusive="0" skipped="0" asserts="19">
      <properties />
      <test-suite type="TestSuite" id="0-1121" name="Tests" fullname="Automated.Tests" runstate="Runnable" testcasecount="109" result="Passed" start-time="2018-11-06 19:48:12Z" end-time="2018-11-06 20:03:16Z" duration="904.049527" total="19" passed="19" failed="0" warnings="0" inconclusive="0" skipped="0" asserts="19">
        <properties />
        <test-suite type="TestSuite" id="0-1122" name="Scripts" fullname="Automated.Tests.Scripts" runstate="Runnable" testcasecount="109" result="Passed" start-time="2018-11-06 19:48:12Z" end-time="2018-11-06 20:03:16Z" duration="904.049517" total="19" passed="19" failed="0" warnings="0" inconclusive="0" skipped="0" asserts="19">
          <properties />
          <test-suite type="TestSuite" id="0-1126" name="SmokeTests" fullname="Automated.Tests.Scripts.SmokeTests" runstate="Runnable" testcasecount="79" result="Passed" start-time="2018-11-06 19:48:12Z" end-time="2018-11-06 20:03:16Z" duration="904.049493" total="19" passed="19" failed="0" warnings="0" inconclusive="0" skipped="0" asserts="19">
            <properties />
            <test-suite type="TestFixture" id="0-1078" name="SmokeTestsProduction" fullname="Automated.Tests.Scripts.SmokeTests.SmokeTestsProduction" classname="Automated.Tests.Scripts.SmokeTests.SmokeTestsProduction" runstate="Runnable" testcasecount="19" result="Passed" start-time="2018-11-06 19:48:12Z" end-time="2018-11-06 20:03:16Z" duration="904.045390" total="19" passed="19" failed="0" warnings="0" inconclusive="0" skipped="0" asserts="19">
              <properties />
              <test-case id="0-1079" name="LoginToApplication" fullname="Automated.Tests.Scripts.SmokeTests.SmokeTestsProduction.LoginToApplication" methodname="LoginToApplication" classname="Automated.Tests.Scripts.SmokeTests.SmokeTestsProduction" runstate="Runnable" seed="1030886747" result="Passed" start-time="2018-11-06 19:48:12Z" end-time="2018-11-06 19:48:29Z" duration="16.517859" asserts="1">
                <properties>
                  <property name="Order" value="1" />
                  <property name="Category" value="SmokeTestsProduction" />
                  <property name="Retry" value="3" />
                </properties>
              </test-case>
              <test-case id="0-1080" name="SearchByExperimentName" fullname="Automated.Tests.Scripts.SmokeTests.SmokeTestsProduction.SearchByExperimentName" methodname="SearchByExperimentName" classname="Automated.Tests.Scripts.SmokeTests.SmokeTestsProduction" runstate="Runnable" seed="969922719" result="Passed" start-time="2018-11-06 19:48:29Z" end-time="2018-11-06 19:48:53Z" duration="23.875823" asserts="1">
                <properties>
                  <property name="Order" value="2" />
                  <property name="Category" value="SmokeTestsProduction" />
                  <property name="Retry" value="3" />
                </properties>
              </test-case>
              <test-case id="0-1081" name="ValidatePagingComponents" fullname="Automated.Tests.Scripts.SmokeTests.SmokeTestsProduction.ValidatePagingComponents" methodname="ValidatePagingComponents" classname="Automated.Tests.Scripts.SmokeTests.SmokeTestsProduction" runstate="Runnable" seed="960901708" result="Passed" start-time="2018-11-06 19:48:53Z" end-time="2018-11-06 19:49:26Z" duration="33.374645" asserts="1">
                <properties>
                  <property name="Order" value="3" />
                  <property name="Category" value="SmokeTestsProduction" />
                  <property name="Retry" value="3" />
                </properties>
              </test-case>
              <test-case id="0-1082" name="ValidateSearchByMarkerName" fullname="Automated.Tests.Scripts.SmokeTests.SmokeTestsProduction.ValidateSearchByMarkerName" methodname="ValidateSearchByMarkerName" classname="Automated.Tests.Scripts.SmokeTests.SmokeTestsProduction" runstate="Runnable" seed="1871773752" result="Passed" start-time="2018-11-06 19:49:26Z" end-time="2018-11-06 19:50:02Z" duration="35.497485" asserts="1">
                <properties>
                  <property name="Order" value="4" />
                  <property name="Category" value="SmokeTestsProduction" />
                  <property name="Retry" value="3" />
                </properties>
              </test-case>
              <test-case id="0-1083" name="SearchByMarkerNameWithExpandingRows" fullname="Automated.Tests.Scripts.SmokeTests.SmokeTestsProduction.SearchByMarkerNameWithExpandingRows" methodname="SearchByMarkerNameWithExpandingRows" classname="Automated.Tests.Scripts.SmokeTests.SmokeTestsProduction" runstate="Runnable" seed="1560252940" result="Passed" start-time="2018-11-06 19:50:02Z" end-time="2018-11-06 19:50:59Z" duration="57.275211" asserts="1">
                <properties>
                  <property name="Order" value="5" />
                  <property name="Category" value="SmokeTestsProduction" />
                  <property name="Retry" value="3" />
                </properties>
              </test-case>
              <test-case id="0-1084" name="ValidateReadingScorePreviewWindowIsDisplayed" fullname="Automated.Tests.Scripts.SmokeTests.SmokeTestsProduction.ValidateReadingScorePreviewWindowIsDisplayed" methodname="ValidateReadingScorePreviewWindowIsDisplayed" classname="Automated.Tests.Scripts.SmokeTests.SmokeTestsProduction" runstate="Runnable" seed="1160516256" result="Passed" start-time="2018-11-06 19:50:59Z" end-time="2018-11-06 19:51:45Z" duration="45.949574" asserts="1">
                <properties>
                  <property name="Order" value="6" />
                  <property name="Category" value="SmokeTestsProduction" />
                  <property name="Retry" value="3" />
                </properties>
              </test-case>
              <test-case id="0-1085" name="ValidateNavigationInReadingScoreWindow" fullname="Automated.Tests.Scripts.SmokeTests.SmokeTestsProduction.ValidateNavigationInReadingScoreWindow" methodname="ValidateNavigationInReadingScoreWindow" classname="Automated.Tests.Scripts.SmokeTests.SmokeTestsProduction" runstate="Runnable" seed="755785921" result="Passed" start-time="2018-11-06 19:51:45Z" end-time="2018-11-06 19:52:35Z" duration="50.402354" asserts="1">
                <properties>
                  <property name="Order" value="7" />
                  <property name="Category" value="SmokeTestsProduction" />
                  <property name="Retry" value="3" />
                </properties>
              </test-case>
              <test-case id="0-1086" name="ValidateTheDownloadReadingBtnIsWorking" fullname="Automated.Tests.Scripts.SmokeTests.SmokeTestsProduction.ValidateTheDownloadReadingBtnIsWorking" methodname="ValidateTheDownloadReadingBtnIsWorking" classname="Automated.Tests.Scripts.SmokeTests.SmokeTestsProduction" runstate="Runnable" seed="999158422" result="Passed" start-time="2018-11-06 19:52:35Z" end-time="2018-11-06 19:53:54Z" duration="78.585734" asserts="1">
                <properties>
                  <property name="Order" value="8" />
                  <property name="Category" value="SmokeTestsProduction" />
                  <property name="Retry" value="3" />
                </properties>
                <output><![CDATA[   at OpenQA.Selenium.Remote.RemoteWebDriver.UnpackAndThrowOnError(Response errorResponse)
   at OpenQA.Selenium.Remote.RemoteWebDriver.Execute(String driverCommandToExecute, Dictionary`2 parameters)
   at OpenQA.Selenium.Remote.RemoteTargetLocator.Alert()
   at Automated.Application.Pages.CheckResults.CheckResultsPage.IsAlertShown(IWebDriver driver) in E:\Automation\Autoscoring_Automation\Automated.Application\Pages\CheckResults\CheckResultsPage.cs:line 87
]]></output>
              </test-case>
              <test-case id="0-1087" name="ValidateTheTaskDetailsWindowIsShowingUp" fullname="Automated.Tests.Scripts.SmokeTests.SmokeTestsProduction.ValidateTheTaskDetailsWindowIsShowingUp" methodname="ValidateTheTaskDetailsWindowIsShowingUp" classname="Automated.Tests.Scripts.SmokeTests.SmokeTestsProduction" runstate="Runnable" seed="1875700046" result="Passed" start-time="2018-11-06 19:53:54Z" end-time="2018-11-06 19:55:17Z" duration="82.701271" asserts="1">
                <properties>
                  <property name="Order" value="9" />
                  <property name="Category" value="SmokeTestsProduction" />
                  <property name="Retry" value="3" />
                </properties>
                <output><![CDATA[   at OpenQA.Selenium.Remote.RemoteWebDriver.UnpackAndThrowOnError(Response errorResponse)
   at OpenQA.Selenium.Remote.RemoteWebDriver.Execute(String driverCommandToExecute, Dictionary`2 parameters)
   at OpenQA.Selenium.Remote.RemoteTargetLocator.Alert()
   at Automated.Application.Pages.CheckResults.CheckResultsPage.IsAlertShown(IWebDriver driver) in E:\Automation\Autoscoring_Automation\Automated.Application\Pages\CheckResults\CheckResultsPage.cs:line 87
]]></output>
              </test-case>
              <test-case id="0-1088" name="ValidateTheTableViewTabIsLoading" fullname="Automated.Tests.Scripts.SmokeTests.SmokeTestsProduction.ValidateTheTableViewTabIsLoading" methodname="ValidateTheTableViewTabIsLoading" classname="Automated.Tests.Scripts.SmokeTests.SmokeTestsProduction" runstate="Runnable" seed="1310551956" result="Passed" start-time="2018-11-06 19:55:17Z" end-time="2018-11-06 19:56:31Z" duration="74.059539" asserts="1">
                <properties>
                  <property name="Order" value="10" />
                  <property name="Category" value="SmokeTestsProduction" />
                  <property name="Retry" value="3" />
                </properties>
                <output><![CDATA[   at OpenQA.Selenium.Remote.RemoteWebDriver.UnpackAndThrowOnError(Response errorResponse)
   at OpenQA.Selenium.Remote.RemoteWebDriver.Execute(String driverCommandToExecute, Dictionary`2 parameters)
   at OpenQA.Selenium.Remote.RemoteTargetLocator.Alert()
   at Automated.Application.Pages.CheckResults.CheckResultsPage.IsAlertShown(IWebDriver driver) in E:\Automation\Autoscoring_Automation\Automated.Application\Pages\CheckResults\CheckResultsPage.cs:line 87
]]></output>
              </test-case>
              <test-case id="0-1089" name="ValidateThePlateViewTabIsLoading" fullname="Automated.Tests.Scripts.SmokeTests.SmokeTestsProduction.ValidateThePlateViewTabIsLoading" methodname="ValidateThePlateViewTabIsLoading" classname="Automated.Tests.Scripts.SmokeTests.SmokeTestsProduction" runstate="Runnable" seed="63482393" result="Passed" start-time="2018-11-06 19:56:31Z" end-time="2018-11-06 19:58:16Z" duration="105.687786" asserts="1">
                <properties>
                  <property name="Order" value="11" />
                  <property name="Category" value="SmokeTestsProduction" />
                  <property name="Retry" value="3" />
                </properties>
                <output><![CDATA[   at OpenQA.Selenium.Remote.RemoteWebDriver.UnpackAndThrowOnError(Response errorResponse)
   at OpenQA.Selenium.Remote.RemoteWebDriver.Execute(String driverCommandToExecute, Dictionary`2 parameters)
   at OpenQA.Selenium.Remote.RemoteTargetLocator.Alert()
   at Automated.Application.Pages.CheckResults.CheckResultsPage.IsAlertShown(IWebDriver driver) in E:\Automation\Autoscoring_Automation\Automated.Application\Pages\CheckResults\CheckResultsPage.cs:line 87
]]></output>
              </test-case>
              <test-case id="0-1090" name="ValidateThePlotViewTabIsLoading" fullname="Automated.Tests.Scripts.SmokeTests.SmokeTestsProduction.ValidateThePlotViewTabIsLoading" methodname="ValidateThePlotViewTabIsLoading" classname="Automated.Tests.Scripts.SmokeTests.SmokeTestsProduction" runstate="Runnable" seed="931883116" result="Passed" start-time="2018-11-06 19:58:16Z" end-time="2018-11-06 19:59:40Z" duration="83.939082" asserts="1">
                <properties>
                  <property name="Order" value="12" />
                  <property name="Category" value="SmokeTestsProduction" />
                  <property name="Retry" value="3" />
                </properties>
                <output><![CDATA[   at OpenQA.Selenium.Remote.RemoteWebDriver.UnpackAndThrowOnError(Response errorResponse)
   at OpenQA.Selenium.Remote.RemoteWebDriver.Execute(String driverCommandToExecute, Dictionary`2 parameters)
   at OpenQA.Selenium.Remote.RemoteTargetLocator.Alert()
   at Automated.Application.Pages.CheckResults.CheckResultsPage.IsAlertShown(IWebDriver driver) in E:\Automation\Autoscoring_Automation\Automated.Application\Pages\CheckResults\CheckResultsPage.cs:line 87
]]></output>
              </test-case>
              <test-case id="0-1091" name="ChangeScreenModeToEnquiry" fullname="Automated.Tests.Scripts.SmokeTests.SmokeTestsProduction.ChangeScreenModeToEnquiry" methodname="ChangeScreenModeToEnquiry" classname="Automated.Tests.Scripts.SmokeTests.SmokeTestsProduction" runstate="Runnable" seed="1759476877" result="Passed" start-time="2018-11-06 19:59:40Z" end-time="2018-11-06 20:00:38Z" duration="57.551106" asserts="1">
                <properties>
                  <property name="Order" value="13" />
                  <property name="Category" value="SmokeTestsProduction" />
                  <property name="Retry" value="3" />
                </properties>
                <output><![CDATA[   at OpenQA.Selenium.Remote.RemoteWebDriver.UnpackAndThrowOnError(Response errorResponse)
   at OpenQA.Selenium.Remote.RemoteWebDriver.Execute(String driverCommandToExecute, Dictionary`2 parameters)
   at OpenQA.Selenium.Remote.RemoteTargetLocator.Alert()
   at Automated.Application.Pages.CheckResults.CheckResultsPage.IsAlertShown(IWebDriver driver) in E:\Automation\Autoscoring_Automation\Automated.Application\Pages\CheckResults\CheckResultsPage.cs:line 87
]]></output>
              </test-case>
              <test-case id="0-1092" name="ChangeScreenModeToWork" fullname="Automated.Tests.Scripts.SmokeTests.SmokeTestsProduction.ChangeScreenModeToWork" methodname="ChangeScreenModeToWork" classname="Automated.Tests.Scripts.SmokeTests.SmokeTestsProduction" runstate="Runnable" seed="851447978" result="Passed" start-time="2018-11-06 20:00:38Z" end-time="2018-11-06 20:01:38Z" duration="59.731215" asserts="1">
                <properties>
                  <property name="Order" value="14" />
                  <property name="Category" value="SmokeTestsProduction" />
                  <property name="Retry" value="3" />
                </properties>
                <output><![CDATA[   at OpenQA.Selenium.Remote.RemoteWebDriver.UnpackAndThrowOnError(Response errorResponse)
   at OpenQA.Selenium.Remote.RemoteWebDriver.Execute(String driverCommandToExecute, Dictionary`2 parameters)
   at OpenQA.Selenium.Remote.RemoteTargetLocator.Alert()
   at Automated.Application.Pages.CheckResults.CheckResultsPage.IsAlertShown(IWebDriver driver) in E:\Automation\Autoscoring_Automation\Automated.Application\Pages\CheckResults\CheckResultsPage.cs:line 87
]]></output>
              </test-case>
              <test-case id="0-1093" name="ValidateTheFourTechnologiesArePopulatedInTheDDL" fullname="Automated.Tests.Scripts.SmokeTests.SmokeTestsProduction.ValidateTheFourTechnologiesArePopulatedInTheDDL" methodname="ValidateTheFourTechnologiesArePopulatedInTheDDL" classname="Automated.Tests.Scripts.SmokeTests.SmokeTestsProduction" runstate="Runnable" seed="563655999" result="Passed" start-time="2018-11-06 20:01:38Z" end-time="2018-11-06 20:01:54Z" duration="16.799227" asserts="1">
                <properties>
                  <property name="Order" value="15" />
                  <property name="Category" value="SmokeTestsProduction" />
                  <property name="Retry" value="3" />
                </properties>
              </test-case>
              <test-case id="0-1094" name="VerifythatNexarHasNoFileTypeDdl" fullname="Automated.Tests.Scripts.SmokeTests.SmokeTestsProduction.VerifythatNexarHasNoFileTypeDdl" methodname="VerifythatNexarHasNoFileTypeDdl" classname="Automated.Tests.Scripts.SmokeTests.SmokeTestsProduction" runstate="Runnable" seed="354542510" result="Passed" start-time="2018-11-06 20:01:54Z" end-time="2018-11-06 20:02:18Z" duration="23.518614" asserts="1">
                <properties>
                  <property name="Order" value="16" />
                  <property name="Category" value="SmokeTestsProduction" />
                  <property name="Retry" value="3" />
                </properties>
              </test-case>
              <test-case id="0-1095" name="VerifyThatTaqmanHasCorrectFileTypes" fullname="Automated.Tests.Scripts.SmokeTests.SmokeTestsProduction.VerifyThatTaqmanHasCorrectFileTypes" methodname="VerifyThatTaqmanHasCorrectFileTypes" classname="Automated.Tests.Scripts.SmokeTests.SmokeTestsProduction" runstate="Runnable" seed="1108454155" result="Passed" start-time="2018-11-06 20:02:18Z" end-time="2018-11-06 20:02:35Z" duration="17.229634" asserts="1">
                <properties>
                  <property name="Order" value="17" />
                  <property name="Category" value="SmokeTestsProduction" />
                  <property name="Retry" value="3" />
                </properties>
              </test-case>
              <test-case id="0-1096" name="ValidateTheDownloadTaskFileLinkIsWorking" fullname="Automated.Tests.Scripts.SmokeTests.SmokeTestsProduction.ValidateTheDownloadTaskFileLinkIsWorking" methodname="ValidateTheDownloadTaskFileLinkIsWorking" classname="Automated.Tests.Scripts.SmokeTests.SmokeTestsProduction" runstate="Runnable" seed="1740842960" result="Passed" start-time="2018-11-06 20:02:35Z" end-time="2018-11-06 20:02:56Z" duration="20.736078" asserts="1">
                <properties>
                  <property name="Order" value="18" />
                  <property name="Category" value="SmokeTestsProduction" />
                  <property name="Retry" value="3" />
                </properties>
              </test-case>
              <test-case id="0-1097" name="ValidateViewReportLinkIsWorking" fullname="Automated.Tests.Scripts.SmokeTests.SmokeTestsProduction.ValidateViewReportLinkIsWorking" methodname="ValidateViewReportLinkIsWorking" classname="Automated.Tests.Scripts.SmokeTests.SmokeTestsProduction" runstate="Runnable" seed="1732854971" result="Passed" start-time="2018-11-06 20:02:56Z" end-time="2018-11-06 20:03:16Z" duration="20.595703" asserts="1">
                <properties>
                  <property name="Order" value="19" />
                  <property name="Category" value="SmokeTestsProduction" />
                  <property name="Retry" value="3" />
                </properties>
              </test-case>
            </test-suite>
          </test-suite>
        </test-suite>
      </test-suite>
    </test-suite>
  </test-suite>
</test-run>